<?xml version="1.0" encoding="UTF-8"?>
<!-- Generated by org.testng.reporters.JUnitXMLReporter -->
<testsuite ignored="0" hostname="LAPTOP-6BR2HM0I" failures="0" tests="4" name="LoginpageTest" time="12.294" errors="0" timestamp="2025-07-25T22:54:42 IST">
  <testcase classname="com.qa.opencart.Tests.LoginpageTest" name="loginPageTitleTest" time="0.123"/>
  <testcase classname="com.qa.opencart.Tests.LoginpageTest" name="loginPageURLTest" time="0.029"/>
  <testcase classname="com.qa.opencart.Tests.LoginpageTest" name="forgotPwdLinkExistTest" time="0.085"/>
  <testcase classname="com.qa.opencart.Tests.LoginpageTest" name="doLoginTest" time="2.425"/>
</testsuite> <!-- LoginpageTest -->
