<?xml version="1.0" encoding="UTF-8"?>
<!-- Generated by org.testng.reporters.JUnitXMLReporter -->
<testsuite ignored="0" hostname="LAPTOP-6BR2HM0I" failures="0" tests="7" name="LoginpageTest" time="7.819" errors="0" timestamp="2025-07-10T23:33:50 IST">
  <testcase classname="com.qa.opencart.Tests.LoginpageTest" name="getLoginPageTitleTest" time="0.034"/>
  <testcase classname="com.qa.opencart.Tests.LoginpageTest" name="getLoginPageURLTest" time="0.04"/>
  <testcase classname="com.qa.opencart.Tests.LoginpageTest" name="isForgotPasswordLinkExistTest" time="0.072"/>
  <testcase classname="com.qa.opencart.Tests.LoginpageTest" name="doLoginTest" time="1.102"/>
  <testcase classname="com.qa.opencart.Tests.AccountsPageTest" name="accPageHeadersCountTest" time="0.248"/>
  <testcase classname="com.qa.opencart.Tests.AccountsPageTest" name="getLoginPageTitleTest" time="0.021"/>
  <testcase classname="com.qa.opencart.Tests.AccountsPageTest" name="isLogoutLinkExistTest" time="0.063"/>
</testsuite> <!-- LoginpageTest -->
