<?xml version="1.0" encoding="UTF-8"?>
<!-- Generated by org.testng.reporters.JUnitXMLReporter -->
<testsuite ignored="0" hostname="LAPTOP-6BR2HM0I" failures="0" tests="4" name="Default test" time="17.61" errors="0" timestamp="2025-07-17T22:46:12 IST">
  <testcase classname="com.qa.opencart.Tests.LoginpageTest" name="loginPageTitleTest" time="0.037"/>
  <testcase classname="com.qa.opencart.Tests.LoginpageTest" name="loginPageURLTest" time="0.033"/>
  <testcase classname="com.qa.opencart.Tests.LoginpageTest" name="forgotPwdLinkExistTest" time="0.071"/>
  <testcase classname="com.qa.opencart.Tests.LoginpageTest" name="doLoginTest" time="1.269"/>
</testsuite> <!-- Default test -->
